Using pre-set license

 COMMAND LINE ARGUMENTS:
/Applications/Unity/Hub/Editor/2020.3.1f1/Unity.app/Contents/MacOS/Unity
-adb2
-batchMode
-noUpm
-name
AssetImportWorker2
-projectPath
/Users/davidecirimele/Documents/GitHub/ProgettoLEGO/ProgettoLEGO
-logFile
Logs/AssetImportWorker2.log
-srvPort
51498
Successfully changed project path to: /Users/davidecirimele/Documents/GitHub/ProgettoLEGO/ProgettoLEGO
/Users/davidecirimele/Documents/GitHub/ProgettoLEGO/ProgettoLEGO
Using Asset Import Pipeline V2.
Refreshing native plugins compatible for Editor in 362.70 ms, found 1 plugins.
Preloading 0 native plugins for Editor in 0.00 ms.
Initialize engine version: 2020.3.1f1 (77a89f25062f)
[Subsystems] Discovering subsystems at path /Applications/Unity/Hub/Editor/2020.3.1f1/Unity.app/Contents/Resources/UnitySubsystems
[Subsystems] Discovering subsystems at path /Users/davidecirimele/Documents/GitHub/ProgettoLEGO/ProgettoLEGO/Assets
GfxDevice: creating device client; threaded=0
2021-04-20 12:21:53.682 Unity[4705:39895] C27F390 preferred device: Intel HD Graphics 4000 (low power)
2021-04-20 12:21:53.682 Unity[4705:39895] Metal devices available: 1
2021-04-20 12:21:53.682 Unity[4705:39895] 0: Intel HD Graphics 4000 (low power)
2021-04-20 12:21:53.684 Unity[4705:39895] Using device Intel HD Graphics 4000 (low power)
Initializing Metal device caps: Intel HD Graphics 4000
Shader 'Universal Render Pipeline/Particles/Lit': fallback shader 'Universal Render Pipeline/Particles/SimpleLit' not found
Initialize mono
Mono path[0] = '/Applications/Unity/Hub/Editor/2020.3.1f1/Unity.app/Contents/Managed'
Mono path[1] = '/Applications/Unity/Hub/Editor/2020.3.1f1/Unity.app/Contents/MonoBleedingEdge/lib/mono/unityjit'
Mono config path = '/Applications/Unity/Hub/Editor/2020.3.1f1/Unity.app/Contents/MonoBleedingEdge/etc'
Using monoOptions --debugger-agent=transport=dt_socket,embedding=1,server=y,suspend=n,address=127.0.0.1:56705
Begin MonoManager ReloadAssembly
Registering precompiled unity dll's ...
Register platform support module: /Applications/Unity/Hub/Editor/2020.3.1f1/Unity.app/Contents/PlaybackEngines/MacStandaloneSupport/UnityEditor.OSXStandalone.Extensions.dll
Registered in 0.001554 seconds.
Native extension for OSXStandalone target not found
Refreshing native plugins compatible for Editor in 397.66 ms, found 1 plugins.
Preloading 0 native plugins for Editor in 0.00 ms.
Invoked RoslynAnalysisRunner static constructor.
RoslynAnalysisRunner will not be running.
RoslynAnalysisRunner has terminated.
Mono: successfully reloaded assembly
- Completed reload, in 10.461 seconds
Platform modules already initialized, skipping
Registering precompiled user dll's ...
Registered in 0.002586 seconds.
Begin MonoManager ReloadAssembly
Native extension for OSXStandalone target not found
Refreshing native plugins compatible for Editor in 265.43 ms, found 1 plugins.
Preloading 0 native plugins for Editor in 0.00 ms.
Invoked RoslynAnalysisRunner static constructor.
RoslynAnalysisRunner will not be running.
RoslynAnalysisRunner has terminated.
Mono: successfully reloaded assembly
- Completed reload, in  5.232 seconds
Platform modules already initialized, skipping
========================================================================
Worker process is ready to serve import requests
Shader 'Universal Render Pipeline/Particles/Lit': fallback shader 'Universal Render Pipeline/Particles/SimpleLit' not found
Launching external process: /Applications/Unity/Hub/Editor/2020.3.1f1/Unity.app/Contents/Tools/UnityShaderCompiler
Launched and connected shader compiler UnityShaderCompiler after 0.03 seconds
Refreshing native plugins compatible for Editor in 1.26 ms, found 1 plugins.
Preloading 0 native plugins for Editor in 0.00 ms.
Unloading 3803 Unused Serialized files (Serialized files now loaded: 0)
System memory in use before: 287.7 MB.
System memory in use after: 287.9 MB.

Unloading 11 unused Assets to reduce memory usage. Loaded Objects now: 4274.
Total: 4.716299 ms (FindLiveObjects: 0.718856 ms CreateObjectMapping: 0.338815 ms MarkObjects: 3.527831 ms  DeleteObjects: 0.127969 ms)

========================================================================
Received Import Request.
  path: Assets/Materials
  artifactKey: Guid(d0cc559ee4e59a5439e7cc6aaa8138c3) Importer(815301076,1909f56bfc062723c751e8b465ee728b)
Start importing Assets/Materials using Guid(d0cc559ee4e59a5439e7cc6aaa8138c3) Importer(815301076,1909f56bfc062723c751e8b465ee728b)  -> (artifact id: 'f747fe82544520e1337c94aac90cd91e') in 0.011148 seconds
  Import took 0.028507 seconds .

========================================================================
Received Import Request.
  Time since last request: 89.961940 seconds.
  path: Assets/Materials/CarMAT.mat
  artifactKey: Guid(7270a0f4d7b2f4629a3f3b785931afa6) Importer(815301076,1909f56bfc062723c751e8b465ee728b)
Start importing Assets/Materials/CarMAT.mat using Guid(7270a0f4d7b2f4629a3f3b785931afa6) Importer(815301076,1909f56bfc062723c751e8b465ee728b)  -> (artifact id: '34b0c7d7b1904d90e00797475d89481a') in 174.650048 seconds
  Import took 174.723560 seconds .

========================================================================
Received Import Request.
  Time since last request: 0.001412 seconds.
  path: Assets/Materials/VetroMAT.mat
  artifactKey: Guid(dc8b2c47a72e84fa3967f06e67b24f93) Importer(815301076,1909f56bfc062723c751e8b465ee728b)
Start importing Assets/Materials/VetroMAT.mat using Guid(dc8b2c47a72e84fa3967f06e67b24f93) Importer(815301076,1909f56bfc062723c751e8b465ee728b)  -> (artifact id: '0cc82445ea2e8b79022d57b69859334a') in 12.495278 seconds
  Import took 12.545153 seconds .

========================================================================
Received Import Request.
  Time since last request: 0.000508 seconds.
  path: Assets/8K Skybox Pack Free/Skyboxes/Material/sky-5.mat
  artifactKey: Guid(03389866351d19a47adc95c57d054097) Importer(815301076,1909f56bfc062723c751e8b465ee728b)
Start importing Assets/8K Skybox Pack Free/Skyboxes/Material/sky-5.mat using Guid(03389866351d19a47adc95c57d054097) Importer(815301076,1909f56bfc062723c751e8b465ee728b)  -> (artifact id: 'c4e4e9dd9317f499cd338a4faade86b9') in 0.394593 seconds
  Import took 0.459037 seconds .

========================================================================
Received Import Request.
  Time since last request: 0.000759 seconds.
  path: Assets/8K Skybox Pack Free/Skyboxes/Material/sky-6.mat
  artifactKey: Guid(b87cacf51931a5841b5931a664fd0730) Importer(815301076,1909f56bfc062723c751e8b465ee728b)
Start importing Assets/8K Skybox Pack Free/Skyboxes/Material/sky-6.mat using Guid(b87cacf51931a5841b5931a664fd0730) Importer(815301076,1909f56bfc062723c751e8b465ee728b)  -> (artifact id: 'ec82a88f638c1d06982fb8377a24faeb') in 0.356399 seconds
  Import took 0.426715 seconds .

========================================================================
Received Import Request.
  Time since last request: 0.001030 seconds.
  path: Assets/8K Skybox Pack Free/Skyboxes/Material/sky-1.mat
  artifactKey: Guid(c8e304140c860744783e1aa250535791) Importer(815301076,1909f56bfc062723c751e8b465ee728b)
Start importing Assets/8K Skybox Pack Free/Skyboxes/Material/sky-1.mat using Guid(c8e304140c860744783e1aa250535791) Importer(815301076,1909f56bfc062723c751e8b465ee728b)  -> (artifact id: 'f0a468110aa5ce7caedeeca7ed24e90d') in 0.454724 seconds
  Import took 0.507262 seconds .

========================================================================
Received Import Request.
  Time since last request: 0.000529 seconds.
  path: Assets/8K Skybox Pack Free/Skyboxes/Material/sky-2.mat
  artifactKey: Guid(9b7ca251e8646c54db0a77ae2021bf9b) Importer(815301076,1909f56bfc062723c751e8b465ee728b)
Start importing Assets/8K Skybox Pack Free/Skyboxes/Material/sky-2.mat using Guid(9b7ca251e8646c54db0a77ae2021bf9b) Importer(815301076,1909f56bfc062723c751e8b465ee728b)  -> (artifact id: '7d79ba961a24886824faa83d5b7bcdff') in 0.296362 seconds
  Import took 0.351925 seconds .

========================================================================
Received Import Request.
  Time since last request: 0.000941 seconds.
  path: Assets/8K Skybox Pack Free/Skyboxes/Material/sky-11.mat
  artifactKey: Guid(0657637449dfba34f84c2e4cf23683b6) Importer(815301076,1909f56bfc062723c751e8b465ee728b)
Start importing Assets/8K Skybox Pack Free/Skyboxes/Material/sky-11.mat using Guid(0657637449dfba34f84c2e4cf23683b6) Importer(815301076,1909f56bfc062723c751e8b465ee728b)  -> (artifact id: '3060017bf5b5ab3075833349721fe7c6') in 0.414848 seconds
  Import took 0.487776 seconds .

========================================================================
Received Import Request.
  Time since last request: 0.000478 seconds.
  path: Assets/8K Skybox Pack Free/Skyboxes/Material/sky-12.mat
  artifactKey: Guid(356decb03293f22498cb5565d128c9da) Importer(815301076,1909f56bfc062723c751e8b465ee728b)
Start importing Assets/8K Skybox Pack Free/Skyboxes/Material/sky-12.mat using Guid(356decb03293f22498cb5565d128c9da) Importer(815301076,1909f56bfc062723c751e8b465ee728b)  -> (artifact id: '5785c244fcf22fc5688af4e33a31b8af') in 0.315472 seconds
  Import took 0.413870 seconds .

========================================================================
Received Import Request.
  Time since last request: 0.000068 seconds.
  path: Assets/Materials/StreetMAT.mat
  artifactKey: Guid(b970cae3f223b4fa4966933ee043b48f) Importer(815301076,1909f56bfc062723c751e8b465ee728b)
Start importing Assets/Materials/StreetMAT.mat using Guid(b970cae3f223b4fa4966933ee043b48f) Importer(815301076,1909f56bfc062723c751e8b465ee728b)  -> (artifact id: 'a6ca54e9ccf5f24cedf3543ad53d05f4') in 0.248178 seconds
  Import took 0.293614 seconds .

========================================================================
Received Import Request.
  Time since last request: 0.000402 seconds.
  path: Assets/Tree.prefab
  artifactKey: Guid(0b07b6179f55c3442a2ec2c1b4e2e5f8) Importer(815301076,1909f56bfc062723c751e8b465ee728b)
Start importing Assets/Tree.prefab using Guid(0b07b6179f55c3442a2ec2c1b4e2e5f8) Importer(815301076,1909f56bfc062723c751e8b465ee728b)  -> (artifact id: 'c433875fd97d671de1eba779b6b9cbf0') in 2.932267 seconds
  Import took 2.979217 seconds .

========================================================================
Received Import Request.
  Time since last request: 0.000103 seconds.
  path: Assets/8K Skybox Pack Free/Skyboxes/Material/sky-8.mat
  artifactKey: Guid(ebc9df751692e5740abb521f3539fcd0) Importer(815301076,1909f56bfc062723c751e8b465ee728b)
Start importing Assets/8K Skybox Pack Free/Skyboxes/Material/sky-8.mat using Guid(ebc9df751692e5740abb521f3539fcd0) Importer(815301076,1909f56bfc062723c751e8b465ee728b)  -> (artifact id: '6b36f24546abae408c542de06471c6bf') in 0.527668 seconds
  Import took 0.613415 seconds .

========================================================================
Received Import Request.
  Time since last request: 0.000760 seconds.
  path: Assets/RiverMaterial.mat
  artifactKey: Guid(ea0c64fd4d33c4b6a99e9bdf7c9b233d) Importer(815301076,1909f56bfc062723c751e8b465ee728b)
Start importing Assets/RiverMaterial.mat using Guid(ea0c64fd4d33c4b6a99e9bdf7c9b233d) Importer(815301076,1909f56bfc062723c751e8b465ee728b)  -> (artifact id: '6cfccc9033b7ab28ca26c752f971ed5f') in 14.291996 seconds
  Import took 14.326058 seconds .

========================================================================
Received Import Request.
  Time since last request: 0.000626 seconds.
  path: Assets/Tree 1.prefab
  artifactKey: Guid(91de0471adfa8d84b84f1d897fbded22) Importer(815301076,1909f56bfc062723c751e8b465ee728b)
Start importing Assets/Tree 1.prefab using Guid(91de0471adfa8d84b84f1d897fbded22) Importer(815301076,1909f56bfc062723c751e8b465ee728b)  -> (artifact id: 'd654fd5b8e5bc64737e75448939f27b7') in 0.345172 seconds
  Import took 0.369159 seconds .

========================================================================
Received Import Request.
  Time since last request: 0.000529 seconds.
  path: Assets/8K Skybox Pack Free/Skyboxes/Material/sky-3.mat
  artifactKey: Guid(23002981675cee84bbbebf0794b85ea2) Importer(815301076,1909f56bfc062723c751e8b465ee728b)
Start importing Assets/8K Skybox Pack Free/Skyboxes/Material/sky-3.mat using Guid(23002981675cee84bbbebf0794b85ea2) Importer(815301076,1909f56bfc062723c751e8b465ee728b)  -> (artifact id: '0bf36353a5a3413d71997c872a2b47f0') in 0.279033 seconds
  Import took 0.323727 seconds .

========================================================================
Received Import Request.
  Time since last request: 0.003131 seconds.
  path: Assets/Materials/ParcoMAT.mat
  artifactKey: Guid(97e16f4aaa337cd4db019ded36d57dc0) Importer(815301076,1909f56bfc062723c751e8b465ee728b)
Start importing Assets/Materials/ParcoMAT.mat using Guid(97e16f4aaa337cd4db019ded36d57dc0) Importer(815301076,1909f56bfc062723c751e8b465ee728b)  -> (artifact id: '1499729d82cb125424cdc5976b856331') in 0.131483 seconds
  Import took 0.157381 seconds .

========================================================================
Received Import Request.
  Time since last request: 0.000447 seconds.
  path: Assets/8K Skybox Pack Free/Skyboxes/Material/sky-4.mat
  artifactKey: Guid(4e4980336892d9546bf0bf0e3f30c265) Importer(815301076,1909f56bfc062723c751e8b465ee728b)
Start importing Assets/8K Skybox Pack Free/Skyboxes/Material/sky-4.mat using Guid(4e4980336892d9546bf0bf0e3f30c265) Importer(815301076,1909f56bfc062723c751e8b465ee728b)  -> (artifact id: 'ec3b837fe130f7e78c4abd6aa6a20407') in 0.280484 seconds
  Import took 0.322405 seconds .

========================================================================
Received Import Request.
  Time since last request: 0.000627 seconds.
  path: Assets/8K Skybox Pack Free/Skyboxes/Material/sky-9.mat
  artifactKey: Guid(52d44e5692d0c134f9b2ed3abd21fb73) Importer(815301076,1909f56bfc062723c751e8b465ee728b)
Start importing Assets/8K Skybox Pack Free/Skyboxes/Material/sky-9.mat using Guid(52d44e5692d0c134f9b2ed3abd21fb73) Importer(815301076,1909f56bfc062723c751e8b465ee728b)  -> (artifact id: '26b6f63693bf52cb0c8f3513d13fc2a4') in 0.327362 seconds
  Import took 0.363357 seconds .

========================================================================
Received Import Request.
  Time since last request: 0.000467 seconds.
  path: Assets/8K Skybox Pack Free/Skyboxes/Material/sky-7.mat
  artifactKey: Guid(5336727d7be32404c9ac396789142e1c) Importer(815301076,1909f56bfc062723c751e8b465ee728b)
Start importing Assets/8K Skybox Pack Free/Skyboxes/Material/sky-7.mat using Guid(5336727d7be32404c9ac396789142e1c) Importer(815301076,1909f56bfc062723c751e8b465ee728b)  -> (artifact id: '978d5e863fea56d81f9e5ecb1fbeb406') in 0.259985 seconds
  Import took 0.303470 seconds .

========================================================================
Received Import Request.
  Time since last request: 0.000624 seconds.
  path: Assets/8K Skybox Pack Free/Skyboxes/Material/sky-10.mat
  artifactKey: Guid(47b7a45414f3b564e9e8349bfa18b29f) Importer(815301076,1909f56bfc062723c751e8b465ee728b)
Start importing Assets/8K Skybox Pack Free/Skyboxes/Material/sky-10.mat using Guid(47b7a45414f3b564e9e8349bfa18b29f) Importer(815301076,1909f56bfc062723c751e8b465ee728b)  -> (artifact id: '3d4f72904166d3df74a4beb2a106072c') in 0.260952 seconds
  Import took 0.337882 seconds .

========================================================================
Received Prepare
Registering precompiled user dll's ...
Registered in 0.008148 seconds.
Begin MonoManager ReloadAssembly
Native extension for OSXStandalone target not found
Refreshing native plugins compatible for Editor in 5.01 ms, found 1 plugins.
Preloading 0 native plugins for Editor in 0.00 ms.
Invoked RoslynAnalysisRunner static constructor.
RoslynAnalysisRunner will not be running.
RoslynAnalysisRunner has terminated.
Mono: successfully reloaded assembly
- Completed reload, in 14.350 seconds
Platform modules already initialized, skipping
Shader 'Universal Render Pipeline/Particles/Lit': fallback shader 'Universal Render Pipeline/Particles/SimpleLit' not found
Refreshing native plugins compatible for Editor in 2.43 ms, found 1 plugins.
Preloading 0 native plugins for Editor in 0.00 ms.
Unloading 3496 Unused Serialized files (Serialized files now loaded: 0)
System memory in use before: 325.9 MB.
System memory in use after: 326.1 MB.

Unloading 6 unused Assets to reduce memory usage. Loaded Objects now: 4485.
Total: 18.113643 ms (FindLiveObjects: 5.945754 ms CreateObjectMapping: 2.405858 ms MarkObjects: 9.667647 ms  DeleteObjects: 0.083790 ms)

